
Rendering: last_BOE.Rmd
1/10           
2/10 [setup]   
3/10           
4/10 [dates]   
Error in `sumario_hoy$publication`:
! $ operator is invalid for atomic vectors
Backtrace:
 1. base::gsub(pattern = "BOE-([AB])-.*", replacement = "\\1", sumario_hoy$publication)
 2. base::is.factor(x)
Execution halted

Rendering: last_BOE.Rmd
1/10           
2/10 [setup]   
3/10           
4/10 [dates]   
5/10           
6/10 [graphics]
7/10           
8/10 [anuncios]
9/10           
10/10 [report]  
/usr/bin/pandoc +RTS -K512m -RTS last_BOE.knit.md --to html4 --from markdown+autolink_bare_uris+tex_math_single_backslash --output last_BOE.html --lua-filter /home/pi/R/aarch64-unknown-linux-gnu-library/4.3/rmarkdown/rmarkdown/lua/pagebreak.lua --lua-filter /home/pi/R/aarch64-unknown-linux-gnu-library/4.3/rmarkdown/rmarkdown/lua/latex-div.lua --variable bs3=TRUE --standalone --section-divs --template /home/pi/R/aarch64-unknown-linux-gnu-library/4.3/rmarkdown/rmd/h/default.html --no-highlight --variable highlightjs=1 --include-before-body /tmp/RtmpQcln9r/rmarkdown-str3f6ea78617139.html --variable navbar=1 --variable theme=bootstrap --mathjax --variable 'mathjax-url=https://mathjax.rstudio.com/latest/MathJax.js?config=TeX-AMS-MML_HTMLorMML' --include-in-header /tmp/RtmpQcln9r/rmarkdown-str3f6ea6296081e.html --include-in-header twitter_BOE.html 
